<?xml version="1.0" encoding="UTF-8"?>
<!-- Generated by org.testng.reporters.JUnitReportReporter -->
<testsuite hostname="DESKTOP-57J1MEN" failures="0" tests="1" name="cucumber.TestNGTestRunner" time="0.141" errors="1" timestamp="07 May 2024 05:19:36 GMT" skipped="0">
  <testcase classname="cucumber.TestNGTestRunner" name="runScenario" time="0.141">
    <error message="D:\Framewroks\SeleniumFrameworkDesign\src\main\java\rahulshettyacademy\resources\GlobalData.properties (The system cannot find the path specified)" type="java.io.FileNotFoundException">
      <![CDATA[java.io.FileNotFoundException: D:\Framewroks\SeleniumFrameworkDesign\src\main\java\rahulshettyacademy\resources\GlobalData.properties (The system cannot find the path specified)
at java.base/java.io.FileInputStream.open0(Native Method)
at java.base/java.io.FileInputStream.open(FileInputStream.java:216)
at java.base/java.io.FileInputStream.<init>(FileInputStream.java:157)
at java.base/java.io.FileInputStream.<init>(FileInputStream.java:111)
at com.testcomponents.BaseTest.initializeDriver(BaseTest.java:44)
at com.testcomponents.BaseTest.launchApplication(BaseTest.java:109)
at com.stepdefinitions.StepDefinitionImpl.I_landed_on_Ecommerce_Page(StepDefinitionImpl.java:28)
at âœ½.I landed on Ecommerce Page(file:///D:/Framewroks/SeleniumFrameworkDesign/src/test/java/cucumber/SubmitOrder.feature:7)
]]>
    </error>
  </testcase> <!-- runScenario -->
</testsuite> <!-- cucumber.TestNGTestRunner -->
